\BOOKMARK [0][]{chapter.1}{Einleitung}{}% 1
\BOOKMARK [1][]{section.1.1}{NP-Vollst\344ndigkeit}{chapter.1}% 2
\BOOKMARK [1][]{section.1.2}{Polynomialzeitreduktion}{chapter.1}% 3
\BOOKMARK [1][]{section.1.3}{Definition 3SAT}{chapter.1}% 4
\BOOKMARK [0][]{chapter.2}{Hamilton-Pfad-Problem}{}% 5
\BOOKMARK [1][]{section.2.1}{Definition}{chapter.2}% 6
\BOOKMARK [1][]{section.2.2}{Beweis Gerichtet}{chapter.2}% 7
\BOOKMARK [2][]{subsection.2.2.1}{HAMPATH \040NP}{section.2.2}% 8
\BOOKMARK [2][]{subsection.2.2.2}{Konstruktion von G}{section.2.2}% 9
\BOOKMARK [2][]{subsection.2.2.3}{ ist erf\374llbar}{section.2.2}% 10
\BOOKMARK [2][]{subsection.2.2.4}{G hat einen HAMPATH}{section.2.2}% 11
\BOOKMARK [2][]{subsection.2.2.5}{Ungerichtet}{section.2.2}% 12
\BOOKMARK [0][]{chapter.3}{SUBSET-SUM-Problem}{}% 13
\BOOKMARK [1][]{section.3.1}{Definition}{chapter.3}% 14
\BOOKMARK [1][]{section.3.2}{Beweis}{chapter.3}% 15
\BOOKMARK [2][]{subsection.3.2.1}{SUBSET-SUM \040NP}{section.3.2}% 16
\BOOKMARK [2][]{subsection.3.2.2}{Konstruktion der Tabelle}{section.3.2}% 17
\BOOKMARK [2][]{subsection.3.2.3}{Annahme}{section.3.2}% 18
\BOOKMARK [2][]{subsection.3.2.4}{Annahme}{section.3.2}% 19
\BOOKMARK [2][]{subsection.3.2.5}{Laufzeit}{section.3.2}% 20
